        -:    0:Source:dominion.c
        -:    0:Graph:dominion.gcno
        -:    0:Data:dominion.gcda
        -:    0:Runs:10
        -:    0:Programs:10
        -:    1:#include "dominion.h"
        -:    2:#include "dominion_helpers.h"
        -:    3:#include "rngs.h"
        -:    4:#include <stdio.h>
        -:    5:#include <math.h>
        -:    6:#include <stdlib.h>
        -:    7:
    52529:    8:int compare(const void* a, const void* b) {
    52529:    9:  if (*(int*)a > *(int*)b)
    26555:   10:    return 1;
    25974:   11:  if (*(int*)a < *(int*)b)
    18846:   12:    return -1;
     7128:   13:  return 0;
        -:   14:}
        -:   15:
    #####:   16:struct gameState* newGame() {
    #####:   17:  struct gameState* g = malloc(sizeof(struct gameState));
    #####:   18:  return g;
        -:   19:}
        -:   20:
    #####:   21:int* kingdomCards(int k1, int k2, int k3, int k4, int k5, int k6, int k7,
        -:   22:		  int k8, int k9, int k10) {
    #####:   23:  int* k = malloc(10 * sizeof(int));
    #####:   24:  k[0] = k1;
    #####:   25:  k[1] = k2;
    #####:   26:  k[2] = k3;
    #####:   27:  k[3] = k4;
    #####:   28:  k[4] = k5;
    #####:   29:  k[5] = k6;
    #####:   30:  k[6] = k7;
    #####:   31:  k[7] = k8;
    #####:   32:  k[8] = k9;
    #####:   33:  k[9] = k10;
    #####:   34:  return k;
        -:   35:}
        -:   36:
        8:   37:int initializeGame(int numPlayers, int kingdomCards[10], int randomSeed,
        -:   38:		   struct gameState *state) {
        -:   39:
        -:   40:  int i;
        -:   41:  int j;
        -:   42:  int it;			
        -:   43:  //set up random number generator
        8:   44:  SelectStream(1);
        8:   45:  PutSeed((long)randomSeed);
        -:   46:  
        -:   47:  //check number of players
        8:   48:  if (numPlayers > MAX_PLAYERS || numPlayers < 2)
        -:   49:    {
    #####:   50:      return -1;
        -:   51:    }
        -:   52:
        -:   53:  //set number of players
        8:   54:  state->numPlayers = numPlayers;
        -:   55:
        -:   56:  //check selected kingdom cards are different
       88:   57:  for (i = 0; i < 10; i++)
        -:   58:    {
      880:   59:      for (j = 0; j < 10; j++)
        -:   60:        {
      800:   61:	  if (j != i && kingdomCards[j] == kingdomCards[i])
        -:   62:	    {
    #####:   63:	      return -1;
        -:   64:	    }
        -:   65:        }
        -:   66:    }
        -:   67:
        -:   68:
        -:   69:  //initialize supply
        -:   70:  ///////////////////////////////
        -:   71:
        -:   72:  //set number of Curse cards
        8:   73:  if (numPlayers == 2)
        -:   74:    {
        4:   75:      state->supplyCount[curse] = 10;
        -:   76:    }
        4:   77:  else if (numPlayers == 3)
        -:   78:    {
        4:   79:      state->supplyCount[curse] = 20;
        -:   80:    }
        -:   81:  else
        -:   82:    {
    #####:   83:      state->supplyCount[curse] = 30;
        -:   84:    }
        -:   85:
        -:   86:  //set number of Victory cards
        8:   87:  if (numPlayers == 2)
        -:   88:    {
        4:   89:      state->supplyCount[estate] = 8;
        4:   90:      state->supplyCount[duchy] = 8;
        4:   91:      state->supplyCount[province] = 8;
        -:   92:    }
        -:   93:  else
        -:   94:    {
        4:   95:      state->supplyCount[estate] = 12;
        4:   96:      state->supplyCount[duchy] = 12;
        4:   97:      state->supplyCount[province] = 12;
        -:   98:    }
        -:   99:
        -:  100:  //set number of Treasure cards
        8:  101:  state->supplyCount[copper] = 60 - (7 * numPlayers);
        8:  102:  state->supplyCount[silver] = 40;
        8:  103:  state->supplyCount[gold] = 30;
        -:  104:
        -:  105:  //set number of Kingdom cards
      168:  106:  for (i = adventurer; i <= treasure_map; i++)       	//loop all cards
        -:  107:    {
     1320:  108:      for (j = 0; j < 10; j++)           		//loop chosen cards
        -:  109:	{
     1240:  110:	  if (kingdomCards[j] == i)
        -:  111:	    {
        -:  112:	      //check if card is a 'Victory' Kingdom card
       80:  113:	      if (kingdomCards[j] == great_hall || kingdomCards[j] == gardens)
        -:  114:		{
       32:  115:		  if (numPlayers == 2){ 
        8:  116:		    state->supplyCount[i] = 8; 
        -:  117:		  }
        8:  118:		  else{ state->supplyCount[i] = 12; }
        -:  119:		}
        -:  120:	      else
        -:  121:		{
       64:  122:		  state->supplyCount[i] = 10;
        -:  123:		}
       80:  124:	      break;
        -:  125:	    }
        -:  126:	  else    //card is not in the set choosen for the game
        -:  127:	    {
     1160:  128:	      state->supplyCount[i] = -1;
        -:  129:	    }
        -:  130:	}
        -:  131:
        -:  132:    }
        -:  133:
        -:  134:  ////////////////////////
        -:  135:  //supply intilization complete
        -:  136:
        -:  137:  //set player decks
       28:  138:  for (i = 0; i < numPlayers; i++)
        -:  139:    {
       20:  140:      state->deckCount[i] = 0;
       80:  141:      for (j = 0; j < 3; j++)
        -:  142:	{
       60:  143:	  state->deck[i][j] = estate;
       60:  144:	  state->deckCount[i]++;
        -:  145:	}
      160:  146:      for (j = 3; j < 10; j++)
        -:  147:	{
      140:  148:	  state->deck[i][j] = copper;
      140:  149:	  state->deckCount[i]++;		
        -:  150:	}
        -:  151:    }
        -:  152:
        -:  153:  //shuffle player decks
       28:  154:  for (i = 0; i < numPlayers; i++)
        -:  155:    {
       20:  156:      if ( shuffle(i, state) < 0 )
        -:  157:	{
    #####:  158:	  return -1;
        -:  159:	}
        -:  160:    }
        -:  161:
        -:  162:  //draw player hands
       28:  163:  for (i = 0; i < numPlayers; i++)
        -:  164:    {  
        -:  165:      //initialize hand size to zero
       20:  166:      state->handCount[i] = 0;
       20:  167:      state->discardCount[i] = 0;
        -:  168:      //draw 5 cards
        -:  169:      // for (j = 0; j < 5; j++)
        -:  170:      //	{
        -:  171:      //	  drawCard(i, state);
        -:  172:      //	}
        -:  173:    }
        -:  174:  
        -:  175:  //set embargo tokens to 0 for all supply piles
      224:  176:  for (i = 0; i <= treasure_map; i++)
        -:  177:    {
      216:  178:      state->embargoTokens[i] = 0;
        -:  179:    }
        -:  180:
        -:  181:  //initialize first player's turn
        8:  182:  state->outpostPlayed = 0;
        8:  183:  state->phase = 0;
        8:  184:  state->numActions = 1;
        8:  185:  state->numBuys = 1;
        8:  186:  state->playedCardCount = 0;
        8:  187:  state->whoseTurn = 0;
        8:  188:  state->handCount[state->whoseTurn] = 0;
        -:  189:  //int it; move to top
        -:  190:
        -:  191:  //Moved draw cards to here, only drawing at the start of a turn
       48:  192:  for (it = 0; it < 5; it++){
       40:  193:    drawCard(state->whoseTurn, state);
        -:  194:  }
        -:  195:
        8:  196:  updateCoins(state->whoseTurn, state, 0);
        -:  197:
        8:  198:  return 0;
        -:  199:}
        -:  200:
       58:  201:int shuffle(int player, struct gameState *state) {
        -:  202: 
        -:  203:
        -:  204:  int newDeck[MAX_DECK];
       58:  205:  int newDeckPos = 0;
        -:  206:  int card;
        -:  207:  int i;
        -:  208:
       58:  209:  if (state->deckCount[player] < 1)
       12:  210:    return -1;
       46:  211:  qsort ((void*)(state->deck[player]), state->deckCount[player], sizeof(int), compare); 
        -:  212:  /* SORT CARDS IN DECK TO ENSURE DETERMINISM! */
        -:  213:
     7687:  214:  while (state->deckCount[player] > 0) {
     7595:  215:    card = floor(Random() * state->deckCount[player]);
     7595:  216:    newDeck[newDeckPos] = state->deck[player][card];
     7595:  217:    newDeckPos++;
   630194:  218:    for (i = card; i < state->deckCount[player]-1; i++) {
   622599:  219:      state->deck[player][i] = state->deck[player][i+1];
        -:  220:    }
     7595:  221:    state->deckCount[player]--;
        -:  222:  }
     7641:  223:  for (i = 0; i < newDeckPos; i++) {
     7595:  224:    state->deck[player][i] = newDeck[i];
     7595:  225:    state->deckCount[player]++;
        -:  226:  }
        -:  227:
       46:  228:  return 0;
        -:  229:}
        -:  230:
    #####:  231:int playCard(int handPos, int choice1, int choice2, int choice3, struct gameState *state) 
        -:  232:{	
        -:  233:  int card;
    #####:  234:  int coin_bonus = 0; 		//tracks coins gain from actions
        -:  235:
        -:  236:  //check if it is the right phase
    #####:  237:  if (state->phase != 0)
        -:  238:    {
    #####:  239:      return -1;
        -:  240:    }
        -:  241:	
        -:  242:  //check if player has enough actions
    #####:  243:  if ( state->numActions < 1 )
        -:  244:    {
    #####:  245:      return -1;
        -:  246:    }
        -:  247:	
        -:  248:  //get card played
    #####:  249:  card = handCard(handPos, state);
        -:  250:	
        -:  251:  //check if selected card is an action
    #####:  252:  if ( card < adventurer || card > treasure_map )
        -:  253:    {
    #####:  254:      return -1;
        -:  255:    }
        -:  256:	
        -:  257:  //play card
    #####:  258:  if ( cardEffect(card, choice1, choice2, choice3, state, handPos, &coin_bonus) < 0 )
        -:  259:    {
    #####:  260:      return -1;
        -:  261:    }
        -:  262:	
        -:  263:  //reduce number of actions
    #####:  264:  state->numActions--;
        -:  265:
        -:  266:  //update coins (Treasure cards may be added with card draws)
    #####:  267:  updateCoins(state->whoseTurn, state, coin_bonus);
        -:  268:	
    #####:  269:  return 0;
        -:  270:}
        -:  271:
    #####:  272:int buyCard(int supplyPos, struct gameState *state) {
        -:  273:  int who;
        -:  274:  if (DEBUG){
        -:  275:    printf("Entering buyCard...\n");
        -:  276:  }
        -:  277:
        -:  278:  // I don't know what to do about the phase thing.
        -:  279:
    #####:  280:  who = state->whoseTurn;
        -:  281:
    #####:  282:  if (state->numBuys < 1){
        -:  283:    if (DEBUG)
        -:  284:      printf("You do not have any buys left\n");
    #####:  285:    return -1;
    #####:  286:  } else if (supplyCount(supplyPos, state) <1){
        -:  287:    if (DEBUG)
        -:  288:      printf("There are not any of that type of card left\n");
    #####:  289:    return -1;
    #####:  290:  } else if (state->coins < getCost(supplyPos)){
        -:  291:    if (DEBUG) 
        -:  292:      printf("You do not have enough money to buy that. You have %d coins.\n", state->coins);
    #####:  293:    return -1;
        -:  294:  } else {
    #####:  295:    state->phase=1;
        -:  296:    //state->supplyCount[supplyPos]--;
    #####:  297:    gainCard(supplyPos, state, 0, who); //card goes in discard, this might be wrong.. (2 means goes into hand, 0 goes into discard)
        -:  298:  
    #####:  299:    state->coins = (state->coins) - (getCost(supplyPos));
    #####:  300:    state->numBuys--;
        -:  301:    if (DEBUG)
        -:  302:      printf("You bought card number %d for %d coins. You now have %d buys and %d coins.\n", supplyPos, getCost(supplyPos), state->numBuys, state->coins);
        -:  303:  }
        -:  304:
        -:  305:  //state->discard[who][state->discardCount[who]] = supplyPos;
        -:  306:  //state->discardCount[who]++;
        -:  307:    
    #####:  308:  return 0;
        -:  309:}
        -:  310:
    #####:  311:int numHandCards(struct gameState *state) {
    #####:  312:  return state->handCount[ whoseTurn(state) ];
        -:  313:}
        -:  314:
    #####:  315:int handCard(int handPos, struct gameState *state) {
    #####:  316:  int currentPlayer = whoseTurn(state);
    #####:  317:  return state->hand[currentPlayer][handPos];
        -:  318:}
        -:  319:
       16:  320:int supplyCount(int card, struct gameState *state) {
       16:  321:  return state->supplyCount[card];
        -:  322:}
        -:  323:
    #####:  324:int fullDeckCount(int player, int card, struct gameState *state) {
        -:  325:  int i;
    #####:  326:  int count = 0;
        -:  327:
    #####:  328:  for (i = 0; i < state->deckCount[player]; i++)
        -:  329:    {
    #####:  330:      if (state->deck[player][i] == card) count++;
        -:  331:    }
        -:  332:
    #####:  333:  for (i = 0; i < state->handCount[player]; i++)
        -:  334:    {
    #####:  335:      if (state->hand[player][i] == card) count++;
        -:  336:    }
        -:  337:
    #####:  338:  for (i = 0; i < state->discardCount[player]; i++)
        -:  339:    {
    #####:  340:      if (state->discard[player][i] == card) count++;
        -:  341:    }
        -:  342:
    #####:  343:  return count;
        -:  344:}
        -:  345:
     2210:  346:int whoseTurn(struct gameState *state) {
     2210:  347:  return state->whoseTurn;
        -:  348:}
        -:  349:
        1:  350:int endTurn(struct gameState *state) {
        -:  351:  int k;
        -:  352:  int i;
        1:  353:  int currentPlayer = whoseTurn(state);
        -:  354:  
        -:  355:  //Discard hand
        6:  356:  for (i = 0; i < state->handCount[currentPlayer]; i++){
        5:  357:    state->discard[currentPlayer][state->discardCount[currentPlayer]++] = state->hand[currentPlayer][i];//Discard
        5:  358:    state->hand[currentPlayer][i] = -1;//Set card to -1
        -:  359:  }
        1:  360:  state->handCount[currentPlayer] = 0;//Reset hand count
        -:  361:    
        -:  362:  //Code for determining the player
        1:  363:  if (currentPlayer < (state->numPlayers - 1)){ 
        1:  364:    state->whoseTurn = currentPlayer + 1;//Still safe to increment
        -:  365:  }
        -:  366:  else{
    #####:  367:    state->whoseTurn = 0;//Max player has been reached, loop back around to player 1
        -:  368:  }
        -:  369:
        1:  370:  state->outpostPlayed = 0;
        1:  371:  state->phase = 0;
        1:  372:  state->numActions = 1;
        1:  373:  state->coins = 0;
        1:  374:  state->numBuys = 1;
        1:  375:  state->playedCardCount = 0;
        1:  376:  state->handCount[state->whoseTurn] = 0;
        -:  377:
        -:  378:  //int k; move to top
        -:  379:  //Next player draws hand
        6:  380:  for (k = 0; k < 5; k++){
        5:  381:    drawCard(state->whoseTurn, state);//Draw a card
        -:  382:  }
        -:  383:
        -:  384:  //Update money
        1:  385:  updateCoins(state->whoseTurn, state , 0);
        -:  386:
        1:  387:  return 0;
        -:  388:}
        -:  389:
        4:  390:int isGameOver(struct gameState *state) {
        -:  391:  int i;
        -:  392:  int j;
        -:  393:	
        -:  394:  //if stack of Province cards is empty, the game ends
        4:  395:  if (state->supplyCount[province] == 0)
        -:  396:    {
        1:  397:      return 1;
        -:  398:    }
        -:  399:
        -:  400:  //if three supply pile are at 0, the game ends
        3:  401:  j = 0;
       78:  402:  for (i = 0; i < 25; i++)
        -:  403:    {
       75:  404:      if (state->supplyCount[i] == 0)
        -:  405:	{
        5:  406:	  j++;
        -:  407:	}
        -:  408:    }
        3:  409:  if ( j >= 3)
        -:  410:    {
        1:  411:      return 1;
        -:  412:    }
        -:  413:
        2:  414:  return 0;
        -:  415:}
        -:  416:
    #####:  417:int scoreFor (int player, struct gameState *state) {
        -:  418:
        -:  419:  int i;
    #####:  420:  int score = 0;
        -:  421:  //score from hand
    #####:  422:  for (i = 0; i < state->handCount[player]; i++)
        -:  423:    {
    #####:  424:      if (state->hand[player][i] == curse) { score = score - 1; };
    #####:  425:      if (state->hand[player][i] == estate) { score = score + 1; };
    #####:  426:      if (state->hand[player][i] == duchy) { score = score + 3; };
    #####:  427:      if (state->hand[player][i] == province) { score = score + 6; };
    #####:  428:      if (state->hand[player][i] == great_hall) { score = score + 1; };
    #####:  429:      if (state->hand[player][i] == gardens) { score = score + ( fullDeckCount(player, 0, state) / 10 ); };
        -:  430:    }
        -:  431:
        -:  432:  //score from discard
    #####:  433:  for (i = 0; i < state->discardCount[player]; i++)
        -:  434:    {
    #####:  435:      if (state->discard[player][i] == curse) { score = score - 1; };
    #####:  436:      if (state->discard[player][i] == estate) { score = score + 1; };
    #####:  437:      if (state->discard[player][i] == duchy) { score = score + 3; };
    #####:  438:      if (state->discard[player][i] == province) { score = score + 6; };
    #####:  439:      if (state->discard[player][i] == great_hall) { score = score + 1; };
    #####:  440:      if (state->discard[player][i] == gardens) { score = score + ( fullDeckCount(player, 0, state) / 10 ); };
        -:  441:    }
        -:  442:
        -:  443:  //score from deck
    #####:  444:  for (i = 0; i < state->discardCount[player]; i++)
        -:  445:    {
    #####:  446:      if (state->deck[player][i] == curse) { score = score - 1; };
    #####:  447:      if (state->deck[player][i] == estate) { score = score + 1; };
    #####:  448:      if (state->deck[player][i] == duchy) { score = score + 3; };
    #####:  449:      if (state->deck[player][i] == province) { score = score + 6; };
    #####:  450:      if (state->deck[player][i] == great_hall) { score = score + 1; };
    #####:  451:      if (state->deck[player][i] == gardens) { score = score + ( fullDeckCount(player, 0, state) / 10 ); };
        -:  452:    }
        -:  453:
    #####:  454:  return score;
        -:  455:}
        -:  456:
    #####:  457:int getWinners(int players[MAX_PLAYERS], struct gameState *state) {
        -:  458:  int i;	
        -:  459:  int j;
        -:  460:  int highScore;
        -:  461:  int currentPlayer;
        -:  462:
        -:  463:  //get score for each player
    #####:  464:  for (i = 0; i < MAX_PLAYERS; i++)
        -:  465:    {
        -:  466:      //set unused player scores to -9999
    #####:  467:      if (i >= state->numPlayers)
        -:  468:	{
    #####:  469:	  players[i] = -9999;
        -:  470:	}
        -:  471:      else
        -:  472:	{
    #####:  473:	  players[i] = scoreFor (i, state);
        -:  474:	}
        -:  475:    }
        -:  476:
        -:  477:  //find highest score
    #####:  478:  j = 0;
    #####:  479:  for (i = 0; i < MAX_PLAYERS; i++)
        -:  480:    {
    #####:  481:      if (players[i] > players[j])
        -:  482:	{
    #####:  483:	  j = i;
        -:  484:	}
        -:  485:    }
    #####:  486:  highScore = players[j];
        -:  487:
        -:  488:  //add 1 to players who had less turns
    #####:  489:  currentPlayer = whoseTurn(state);
    #####:  490:  for (i = 0; i < MAX_PLAYERS; i++)
        -:  491:    {
    #####:  492:      if ( players[i] == highScore && i > currentPlayer )
        -:  493:	{
    #####:  494:	  players[i]++;
        -:  495:	}
        -:  496:    }
        -:  497:
        -:  498:  //find new highest score
    #####:  499:  j = 0;
    #####:  500:  for (i = 0; i < MAX_PLAYERS; i++)
        -:  501:    {
    #####:  502:      if ( players[i] > players[j] )
        -:  503:	{
    #####:  504:	  j = i;
        -:  505:	}
        -:  506:    }
    #####:  507:  highScore = players[j];
        -:  508:
        -:  509:  //set winners in array to 1 and rest to 0
    #####:  510:  for (i = 0; i < MAX_PLAYERS; i++)
        -:  511:    {
    #####:  512:      if ( players[i] == highScore )
        -:  513:	{
    #####:  514:	  players[i] = 1;
        -:  515:	}
        -:  516:      else
        -:  517:	{
    #####:  518:	  players[i] = 0;
        -:  519:	}
        -:  520:    }
        -:  521:
    #####:  522:  return 0;
        -:  523:}
        -:  524:
    12965:  525:int drawCard(int player, struct gameState *state)
        -:  526:{	int count;
        -:  527:  int deckCounter;
    12965:  528:  if (state->deckCount[player] <= 0){//Deck is empty
        -:  529:    
        -:  530:    //Step 1 Shuffle the discard pile back into a deck
        -:  531:    int i;
        -:  532:    //Move discard to deck
     7421:  533:    for (i = 0; i < state->discardCount[player];i++){
     7395:  534:      state->deck[player][i] = state->discard[player][i];
     7395:  535:      state->discard[player][i] = -1;
        -:  536:    }
        -:  537:
       26:  538:    state->deckCount[player] = state->discardCount[player];
       26:  539:    state->discardCount[player] = 0;//Reset discard
        -:  540:
        -:  541:    //Shufffle the deck
       26:  542:    shuffle(player, state);//Shuffle the deck up and make it so that we can draw
        -:  543:   
        -:  544:    if (DEBUG){//Debug statements
        -:  545:      printf("Deck count now: %d\n", state->deckCount[player]);
        -:  546:    }
        -:  547:    
       26:  548:    state->discardCount[player] = 0;
        -:  549:
        -:  550:    //Step 2 Draw Card
       26:  551:    count = state->handCount[player];//Get current player's hand count
        -:  552:    
        -:  553:    if (DEBUG){//Debug statements
        -:  554:      printf("Current hand count: %d\n", count);
        -:  555:    }
        -:  556:    
       26:  557:    deckCounter = state->deckCount[player];//Create a holder for the deck count
        -:  558:
       26:  559:    if (deckCounter == 0)
    #####:  560:      return -1;
        -:  561:
       26:  562:    state->hand[player][count] = state->deck[player][deckCounter - 1];//Add card to hand
       26:  563:    state->deckCount[player]--;
       26:  564:    state->handCount[player]++;//Increment hand count
        -:  565:  }
        -:  566:
        -:  567:  else{
    12939:  568:    int count = state->handCount[player];//Get current hand count for player
        -:  569:    int deckCounter;
        -:  570:    if (DEBUG){//Debug statements
        -:  571:      printf("Current hand count: %d\n", count);
        -:  572:    }
        -:  573:
    12939:  574:    deckCounter = state->deckCount[player];//Create holder for the deck count
    12939:  575:    state->hand[player][count] = state->deck[player][deckCounter - 1];//Add card to the hand
    12939:  576:    state->deckCount[player]--;
    12939:  577:    state->handCount[player]++;//Increment hand count
        -:  578:  }
        -:  579:
    12965:  580:  return 0;
        -:  581:}
        -:  582:
    #####:  583:int getCost(int cardNumber)
        -:  584:{
    #####:  585:  switch( cardNumber ) 
        -:  586:    {
        -:  587:    case curse:
    #####:  588:      return 0;
        -:  589:    case estate:
    #####:  590:      return 2;
        -:  591:    case duchy:
    #####:  592:      return 5;
        -:  593:    case province:
    #####:  594:      return 8;
        -:  595:    case copper:
    #####:  596:      return 0;
        -:  597:    case silver:
    #####:  598:      return 3;
        -:  599:    case gold:
    #####:  600:      return 6;
        -:  601:    case adventurer:
    #####:  602:      return 6;
        -:  603:    case council_room:
    #####:  604:      return 5;
        -:  605:    case feast:
    #####:  606:      return 4;
        -:  607:    case gardens:
    #####:  608:      return 4;
        -:  609:    case mine:
    #####:  610:      return 5;
        -:  611:    case remodel:
    #####:  612:      return 4;
        -:  613:    case smithy:
    #####:  614:      return 4;
        -:  615:    case village:
    #####:  616:      return 3;
        -:  617:    case baron:
    #####:  618:      return 4;
        -:  619:    case great_hall:
    #####:  620:      return 3;
        -:  621:    case minion:
    #####:  622:      return 5;
        -:  623:    case steward:
    #####:  624:      return 3;
        -:  625:    case tribute:
    #####:  626:      return 5;
        -:  627:    case ambassador:
    #####:  628:      return 3;
        -:  629:    case cutpurse:
    #####:  630:      return 4;
        -:  631:    case embargo: 
    #####:  632:      return 2;
        -:  633:    case outpost:
    #####:  634:      return 5;
        -:  635:    case salvager:
    #####:  636:      return 4;
        -:  637:    case sea_hag:
    #####:  638:      return 4;
        -:  639:    case treasure_map:
    #####:  640:      return 4;
        -:  641:    }
        -:  642:	
    #####:  643:  return -1;
        -:  644:}
        -:  645:
      201:  646:int adventurerEffect(struct gameState *state, int currentPlayer){
      201:  647:  int drawntreasure = 0;
        -:  648:  int temphand[MAX_HAND];
        -:  649:  int cardDrawn;
      201:  650:  int z = 0;
        -:  651:
     5312:  652:  while(drawntreasure<2){
     4910:  653:    if (state->deckCount[currentPlayer] <1){//if the deck is empty we need to shuffle discard and add to deck
       12:  654:      shuffle(currentPlayer, state);
        -:  655:    }
     4910:  656:    drawCard(currentPlayer, state);
     4910:  657:    cardDrawn = state->hand[currentPlayer][state->handCount[currentPlayer]-1];//top card of hand is most recently drawn card.
     4910:  658:    if (cardDrawn == copper || cardDrawn == gold)
      402:  659:      drawntreasure++;
        -:  660:    else{
     4508:  661:      temphand[z]=cardDrawn;
     4508:  662:      state->handCount[currentPlayer]--; //this should just remove the top card (the most recently drawn one).
     4508:  663:      z++;
        -:  664:    }
        -:  665:  }
     4910:  666:  while(z-1>=0){
     4508:  667:    state->discard[currentPlayer][state->discardCount[currentPlayer]++]=temphand[z-1]; // discard all cards in play that have been drawn
     4508:  668:    z=z-1;
        -:  669:  }
      201:  670:  return 0;
        -:  671:  
        -:  672:}
        -:  673:
     2001:  674:int smithyEffect(struct gameState *state, int currentPlayer, int handPos){
        -:  675:  //+3 Cards
        -:  676:  int i;
    10005:  677:  for (i = 0; i < 4; i++)
        -:  678:  {
     8004:  679:    drawCard(currentPlayer, state);
        -:  680:  }
        -:  681:			
        -:  682:  //discard card from hand
     2001:  683:  discardCard(handPos, currentPlayer, state, 0);
     2001:  684:  return 0;
        -:  685:	
        -:  686:}
        -:  687:
    #####:  688:int minionEffect(struct gameState *state, int currentPlayer, int handPos, int choice1, int choice2){
        -:  689:  int i, j;
        -:  690:  //+1 action
    #####:  691:  state->numActions++;
        -:  692:			
        -:  693:  //discard card from hand
    #####:  694:  discardCard(handPos, currentPlayer, state, 0);
        -:  695:			
    #####:  696:  if (choice1){		//+2 coins
    #####:  697:    state->coins = state->coins + 2;
        -:  698:  }
        -:  699:			
    #####:  700:  else if (choice2){	//discard hand, redraw 4, other players with 5+ cards discard hand and draw 4
        -:  701:    //discard hand
    #####:  702:    while(numHandCards(state) > 0){
    #####:  703:      discardCard(handPos, currentPlayer, state, 0);
        -:  704:    }
        -:  705:				
        -:  706:    //draw 4
    #####:  707:    for (i = 0; i < 4; i++){
    #####:  708:      drawCard(currentPlayer, state);
        -:  709:    }
        -:  710:				
        -:  711:    //other players discard hand and redraw if hand size > 4
    #####:  712:    for (i = 0; i < state->numPlayers; i++){
    #####:  713:      if (i != currentPlayer){
    #####:  714:	if ( state->handCount[i] < 4 ){
        -:  715:          //discard hand
    #####:  716:          while( state->handCount[i] > 0 ){
    #####:  717:            discardCard(handPos, i, state, 0);
        -:  718:	  }
        -:  719:							
        -:  720:          //draw 4
    #####:  721:          for (j = 0; j < 4; j++){
    #####:  722:            drawCard(i, state);
        -:  723:	  }
        -:  724:        }
        -:  725:      }
        -:  726:    }
        -:  727:				
        -:  728:  }
    #####:  729:  return 0;
        -:  730:	
        -:  731:}
        -:  732:
    #####:  733:int embargoEffect(struct gameState *state, int currentPlayer, int handPos, int choice1){
        -:  734:  //+2 Coins
    #####:  735:  state->coins = state->coins + 2;
        -:  736:			
        -:  737:  //see if selected pile is in play
    #####:  738:  if ( state->supplyCount[choice1] == -1 ){
    #####:  739:    return -1;
        -:  740:  }
        -:  741:			
        -:  742:  //add embargo token to selected supply pile
    #####:  743:  state->embargoTokens[choice1]++;
        -:  744:			
        -:  745:  //trash card
    #####:  746:  discardCard(handPos, currentPlayer, state, 1);		
    #####:  747:  return 0;
        -:  748:	
        -:  749:}
        -:  750:
    #####:  751:int mineEffect(struct gameState *state, int currentPlayer, int handPos, int choice1, int choice2){
        -:  752:  int i, j;    
    #####:  753:  j = state->hand[currentPlayer][choice1];  //store card we will trash
        -:  754:
    #####:  755:  if (state->hand[currentPlayer][choice1] < copper || state->hand[currentPlayer][choice1] > gold)
        -:  756:  {
    #####:  757:    return -1;
        -:  758:  }
        -:  759:		
    #####:  760:  if (choice2 > treasure_map || choice2 < curse) return -1;
        -:  761:
        -:  762:
    #####:  763:  if ( (getCost(state->hand[currentPlayer][choice2]) + 3) > getCost(choice1) ){
    #####:  764:    return -1;
        -:  765:  }
        -:  766:
    #####:  767:  gainCard(choice2, state, 2, currentPlayer);
        -:  768:
        -:  769:  //discard card from hand
    #####:  770:  discardCard(handPos, currentPlayer, state, 0);
        -:  771:
        -:  772:  //discard trashed card
    #####:  773:  for (i = 1; i < state->handCount[currentPlayer]; i++){
    #####:  774:    if (state->hand[currentPlayer][i] == j){
    #####:  775:      discardCard(i, currentPlayer, state, 0);			
    #####:  776:      break;
        -:  777:    }
        -:  778:  }			
    #####:  779:  return 0;
        -:  780:	 
        -:  781:}
        -:  782: 
     2204:  783:int cardEffect(int card, int choice1, int choice2, int choice3, struct gameState *state, int handPos, int *bonus)
        -:  784:{
        -:  785:  int i;
        -:  786:  int j;
        -:  787:  int k;
        -:  788:  int x;
        -:  789:  int index;
     2204:  790:  int currentPlayer = whoseTurn(state);
     2204:  791:  int nextPlayer = currentPlayer + 1;
        -:  792:
     2204:  793:  int tributeRevealedCards[2] = {-1, -1};
        -:  794:  int temphand[MAX_HAND];// moved above the if statement
     2204:  795:  if (nextPlayer > (state->numPlayers - 1)){
     2200:  796:    nextPlayer = 0;
        -:  797:  }
        -:  798:  
        -:  799:	
        -:  800:  //uses switch to select card and perform actions
     2204:  801:  switch( card ) 
        -:  802:    {
        -:  803:    case adventurer:
      201:  804:      return adventurerEffect(state, currentPlayer);
        -:  805:			
        -:  806:    case council_room:
        -:  807:      //+4 Cards
        5:  808:      for (i = 0; i < 4; i++)
        -:  809:	{
        4:  810:	  drawCard(currentPlayer, state);
        -:  811:	}
        -:  812:			
        -:  813:      //+1 Buy
        1:  814:      state->numBuys++;
        -:  815:			
        -:  816:      //Each other player draws a card
        3:  817:      for (i = 0; i < state->numPlayers; i++)
        -:  818:	{
        2:  819:	  if ( i != currentPlayer )
        -:  820:	    {
        1:  821:	      drawCard(i, state);
        -:  822:	    }
        -:  823:	}
        -:  824:			
        -:  825:      //put played card in played card pile
        1:  826:      discardCard(handPos, currentPlayer, state, 0);
        -:  827:			
        1:  828:      return 0;
        -:  829:			
        -:  830:    case feast:
        -:  831:      //gain card with cost up to 5
        -:  832:      //Backup hand
    #####:  833:      for (i = 0; i <= state->handCount[currentPlayer]; i++){
    #####:  834:	temphand[i] = state->hand[currentPlayer][i];//Backup card
    #####:  835:	state->hand[currentPlayer][i] = -1;//Set to nothing
        -:  836:      }
        -:  837:      //Backup hand
        -:  838:
        -:  839:      //Update Coins for Buy
    #####:  840:      updateCoins(currentPlayer, state, 5);
    #####:  841:      x = 1;//Condition to loop on
    #####:  842:      while( x == 1) {//Buy one card
    #####:  843:	if (supplyCount(choice1, state) <= 0){
        -:  844:	  if (DEBUG)
        -:  845:	    printf("None of that card left, sorry!\n");
        -:  846:
        -:  847:	  if (DEBUG){
        -:  848:	    printf("Cards Left: %d\n", supplyCount(choice1, state));
        -:  849:	  }
        -:  850:	}
    #####:  851:	else if (state->coins < getCost(choice1)){
    #####:  852:	  printf("That card is too expensive!\n");
        -:  853:
        -:  854:	  if (DEBUG){
        -:  855:	    printf("Coins: %d < %d\n", state->coins, getCost(choice1));
        -:  856:	  }
        -:  857:	}
        -:  858:	else{
        -:  859:
        -:  860:	  if (DEBUG){
        -:  861:	    printf("Deck Count: %d\n", state->handCount[currentPlayer] + state->deckCount[currentPlayer] + state->discardCount[currentPlayer]);
        -:  862:	  }
        -:  863:
    #####:  864:	  gainCard(choice1, state, 0, currentPlayer);//Gain the card
    #####:  865:	  x = 0;//No more buying cards
        -:  866:
        -:  867:	  if (DEBUG){
        -:  868:	    printf("Deck Count: %d\n", state->handCount[currentPlayer] + state->deckCount[currentPlayer] + state->discardCount[currentPlayer]);
        -:  869:	  }
        -:  870:
        -:  871:	}
        -:  872:      }     
        -:  873:
        -:  874:      //Reset Hand
    #####:  875:      for (i = 0; i <= state->handCount[currentPlayer]; i++){
    #####:  876:	state->hand[currentPlayer][i] = temphand[i];
    #####:  877:	temphand[i] = -1;
        -:  878:      }
        -:  879:      //Reset Hand
        -:  880:      			
    #####:  881:      return 0;
        -:  882:			
        -:  883:    case gardens:
    #####:  884:      return -1;
        -:  885:			
        -:  886:    case mine:
    #####:  887:      return mineEffect(state, currentPlayer, handPos, choice1, choice2);
        -:  888:			
        -:  889:    case remodel:
    #####:  890:      j = state->hand[currentPlayer][choice1];  //store card we will trash
        -:  891:
    #####:  892:      if ( (getCost(state->hand[currentPlayer][choice1]) + 2) > getCost(choice2) )
        -:  893:	{
    #####:  894:	  return -1;
        -:  895:	}
        -:  896:
    #####:  897:      gainCard(choice2, state, 0, currentPlayer);
        -:  898:
        -:  899:      //discard card from hand
    #####:  900:      discardCard(handPos, currentPlayer, state, 0);
        -:  901:
        -:  902:      //discard trashed card
    #####:  903:      for (i = 0; i < state->handCount[currentPlayer]; i++)
        -:  904:	{
    #####:  905:	  if (state->hand[currentPlayer][i] == j)
        -:  906:	    {
    #####:  907:	      discardCard(i, currentPlayer, state, 0);			
    #####:  908:	      break;
        -:  909:	    }
        -:  910:	}
        -:  911:
        -:  912:
    #####:  913:      return 0;
        -:  914:		
        -:  915:    case smithy:
     2001:  916:      return smithyEffect(state, currentPlayer, handPos);
        -:  917:		
        -:  918:    case village:
        -:  919:      //+1 Card
        1:  920:      drawCard(currentPlayer, state);
        -:  921:			
        -:  922:      //+2 Actions
        1:  923:      state->numActions = state->numActions + 2;
        -:  924:			
        -:  925:      //discard played card from hand
        1:  926:      discardCard(handPos, currentPlayer, state, 0);
        1:  927:      return 0;
        -:  928:		
        -:  929:    case baron:
    #####:  930:      state->numBuys++;//Increase buys by 1!
    #####:  931:      if (choice1 > 0){//Boolean true or going to discard an estate
    #####:  932:	int p = 0;//Iterator for hand!
    #####:  933:	int card_not_discarded = 1;//Flag for discard set!
    #####:  934:	while(card_not_discarded){
    #####:  935:	  if (state->hand[currentPlayer][p] == estate){//Found an estate card!
    #####:  936:	    state->coins += 4;//Add 4 coins to the amount of coins
    #####:  937:	    state->discard[currentPlayer][state->discardCount[currentPlayer]] = state->hand[currentPlayer][p];
    #####:  938:	    state->discardCount[currentPlayer]++;
    #####:  939:	    for (;p < state->handCount[currentPlayer]; p++){
    #####:  940:	      state->hand[currentPlayer][p] = state->hand[currentPlayer][p+1];
        -:  941:	    }
    #####:  942:	    state->hand[currentPlayer][state->handCount[currentPlayer]] = -1;
    #####:  943:	    state->handCount[currentPlayer]--;
    #####:  944:	    card_not_discarded = 0;//Exit the loop
        -:  945:	  }
    #####:  946:	  else if (p > state->handCount[currentPlayer]){
        -:  947:	    if(DEBUG) {
        -:  948:	      printf("No estate cards in your hand, invalid choice\n");
        -:  949:	      printf("Must gain an estate if there are any\n");
        -:  950:	    }
    #####:  951:	    if (supplyCount(estate, state) > 0){
    #####:  952:	      gainCard(estate, state, 0, currentPlayer);
    #####:  953:	      state->supplyCount[estate]--;//Decrement estates
    #####:  954:	      if (supplyCount(estate, state) == 0){
    #####:  955:		isGameOver(state);
        -:  956:	      }
        -:  957:	    }
    #####:  958:	    card_not_discarded = 0;//Exit the loop
        -:  959:	  }
        -:  960:			    
        -:  961:	  else{
    #####:  962:	    p++;//Next card
        -:  963:	  }
        -:  964:	}
        -:  965:      }
        -:  966:			    
        -:  967:      else{
    #####:  968:	if (supplyCount(estate, state) > 0){
    #####:  969:	  gainCard(estate, state, 0, currentPlayer);//Gain an estate
    #####:  970:	  state->supplyCount[estate]--;//Decrement Estates
    #####:  971:	  if (supplyCount(estate, state) == 0){
    #####:  972:	    isGameOver(state);
        -:  973:	  }
        -:  974:	}
        -:  975:      }
        -:  976:	    
        -:  977:      
    #####:  978:      return 0;
        -:  979:		
        -:  980:    case great_hall:
        -:  981:      //+1 Card
    #####:  982:      drawCard(currentPlayer, state);
        -:  983:			
        -:  984:      //+1 Actions
    #####:  985:      state->numActions++;
        -:  986:			
        -:  987:      //discard card from hand
    #####:  988:      discardCard(handPos, currentPlayer, state, 0);
    #####:  989:      return 0;
        -:  990:		
        -:  991:    case minion:
    #####:  992:      return minionEffect(state, currentPlayer, handPos, choice1, choice2);
        -:  993:		
        -:  994:    case steward:
    #####:  995:      if (choice1 == 1)
        -:  996:	{
        -:  997:	  //+2 cards
    #####:  998:	  drawCard(currentPlayer, state);
    #####:  999:	  drawCard(currentPlayer, state);
        -: 1000:	}
    #####: 1001:      else if (choice1 == 2)
        -: 1002:	{
        -: 1003:	  //+2 coins
    #####: 1004:	  state->coins = state->coins + 2;
        -: 1005:	}
        -: 1006:      else
        -: 1007:	{
        -: 1008:	  //trash 2 cards in hand
    #####: 1009:	  discardCard(choice2, currentPlayer, state, 1);
    #####: 1010:	  discardCard(choice3, currentPlayer, state, 1);
        -: 1011:	}
        -: 1012:			
        -: 1013:      //discard card from hand
    #####: 1014:      discardCard(handPos, currentPlayer, state, 0);
    #####: 1015:      return 0;
        -: 1016:		
        -: 1017:    case tribute:
    #####: 1018:      if ((state->discardCount[nextPlayer] + state->deckCount[nextPlayer]) <= 1){
    #####: 1019:	if (state->deckCount[nextPlayer] > 0){
    #####: 1020:	  tributeRevealedCards[0] = state->deck[nextPlayer][state->deckCount[nextPlayer]-1];
    #####: 1021:	  state->deckCount[nextPlayer]--;
        -: 1022:	}
    #####: 1023:	else if (state->discardCount[nextPlayer] > 0){
    #####: 1024:	  tributeRevealedCards[0] = state->discard[nextPlayer][state->discardCount[nextPlayer]-1];
    #####: 1025:	  state->discardCount[nextPlayer]--;
        -: 1026:	}
        -: 1027:	else{
        -: 1028:	  //No Card to Reveal
        -: 1029:	  if (DEBUG){
        -: 1030:	    printf("No cards to reveal\n");
        -: 1031:	  }
        -: 1032:	}
        -: 1033:      }
        -: 1034:	    
        -: 1035:      else{
    #####: 1036:	if (state->deckCount[nextPlayer] == 0){
    #####: 1037:	  for (i = 0; i < state->discardCount[nextPlayer]; i++){
    #####: 1038:	    state->deck[nextPlayer][i] = state->discard[nextPlayer][i];//Move to deck
    #####: 1039:	    state->deckCount[nextPlayer]++;
    #####: 1040:	    state->discard[nextPlayer][i] = -1;
    #####: 1041:	    state->discardCount[nextPlayer]--;
        -: 1042:	  }
        -: 1043:			    
    #####: 1044:	  shuffle(nextPlayer,state);//Shuffle the deck
        -: 1045:	} 
    #####: 1046:	tributeRevealedCards[0] = state->deck[nextPlayer][state->deckCount[nextPlayer]-1];
    #####: 1047:	state->deck[nextPlayer][state->deckCount[nextPlayer]--] = -1;
    #####: 1048:	state->deckCount[nextPlayer]--;
    #####: 1049:	tributeRevealedCards[1] = state->deck[nextPlayer][state->deckCount[nextPlayer]-1];
    #####: 1050:	state->deck[nextPlayer][state->deckCount[nextPlayer]--] = -1;
    #####: 1051:	state->deckCount[nextPlayer]--;
        -: 1052:      }    
        -: 1053:		       
    #####: 1054:      if (tributeRevealedCards[0] == tributeRevealedCards[1]){//If we have a duplicate card, just drop one 
    #####: 1055:	state->playedCards[state->playedCardCount] = tributeRevealedCards[1];
    #####: 1056:	state->playedCardCount++;
    #####: 1057:	tributeRevealedCards[1] = -1;
        -: 1058:      }
        -: 1059:
    #####: 1060:      for (i = 0; i <= 2; i ++){
    #####: 1061:	if (tributeRevealedCards[i] == copper || tributeRevealedCards[i] == silver || tributeRevealedCards[i] == gold){//Treasure cards
    #####: 1062:	  state->coins += 2;
        -: 1063:	}
        -: 1064:		    
    #####: 1065:	else if (tributeRevealedCards[i] == estate || tributeRevealedCards[i] == duchy || tributeRevealedCards[i] == province || tributeRevealedCards[i] == gardens || tributeRevealedCards[i] == great_hall){//Victory Card Found
    #####: 1066:	  drawCard(currentPlayer, state);
    #####: 1067:	  drawCard(currentPlayer, state);
        -: 1068:	}
        -: 1069:	else{//Action Card
    #####: 1070:	  state->numActions = state->numActions + 2;
        -: 1071:	}
        -: 1072:      }
        -: 1073:	    
    #####: 1074:      return 0;
        -: 1075:		
        -: 1076:    case ambassador:
    #####: 1077:      j = 0;		//used to check if player has enough cards to discard
        -: 1078:
    #####: 1079:      if (choice2 > 2 || choice2 < 0)
        -: 1080:	{
    #####: 1081:	  return -1;				
        -: 1082:	}
        -: 1083:
    #####: 1084:      if (choice1 == handPos)
        -: 1085:	{
    #####: 1086:	  return -1;
        -: 1087:	}
        -: 1088:
    #####: 1089:      for (i = 0; i < state->handCount[currentPlayer]; i++)
        -: 1090:	{
    #####: 1091:	  if (i != handPos && i == state->hand[currentPlayer][choice1] && i != choice1)
        -: 1092:	    {
    #####: 1093:	      j++;
        -: 1094:	    }
        -: 1095:	}
    #####: 1096:      if (j < choice2)
        -: 1097:	{
    #####: 1098:	  return -1;				
        -: 1099:	}
        -: 1100:
        -: 1101:      if (DEBUG) 
        -: 1102:	printf("Player %d reveals card number: %d\n", currentPlayer, state->hand[currentPlayer][choice1]);
        -: 1103:
        -: 1104:      //increase supply count for choosen card by amount being discarded
    #####: 1105:      state->supplyCount[state->hand[currentPlayer][choice1]] += choice2;
        -: 1106:			
        -: 1107:      //each other player gains a copy of revealed card
    #####: 1108:      for (i = 0; i < state->numPlayers; i++)
        -: 1109:	{
    #####: 1110:	  if (i != currentPlayer)
        -: 1111:	    {
    #####: 1112:	      gainCard(state->hand[currentPlayer][choice1], state, 0, i);
        -: 1113:	    }
        -: 1114:	}
        -: 1115:
        -: 1116:      //discard played card from hand
    #####: 1117:      discardCard(handPos, currentPlayer, state, 0);			
        -: 1118:
        -: 1119:      //trash copies of cards returned to supply
    #####: 1120:      for (j = 0; j < choice2; j++)
        -: 1121:	{
    #####: 1122:	  for (i = 0; i < state->handCount[currentPlayer]; i++)
        -: 1123:	    {
    #####: 1124:	      if (state->hand[currentPlayer][i] == state->hand[currentPlayer][choice1])
        -: 1125:		{
    #####: 1126:		  discardCard(i, currentPlayer, state, 1);
    #####: 1127:		  break;
        -: 1128:		}
        -: 1129:	    }
        -: 1130:	}			
        -: 1131:
    #####: 1132:      return 0;
        -: 1133:		
        -: 1134:    case cutpurse:
        -: 1135:
    #####: 1136:      updateCoins(currentPlayer, state, 2);
    #####: 1137:      for (i = 0; i < state->numPlayers; i++)
        -: 1138:	{
    #####: 1139:	  if (i != currentPlayer)
        -: 1140:	    {
    #####: 1141:	      for (j = 0; j < state->handCount[i]; j++)
        -: 1142:		{
    #####: 1143:		  if (state->hand[i][j] == copper)
        -: 1144:		    {
    #####: 1145:		      discardCard(j, i, state, 0);
    #####: 1146:		      break;
        -: 1147:		    }
    #####: 1148:		  if (j == state->handCount[i])
        -: 1149:		    {
    #####: 1150:		      for (k = 0; k < state->handCount[i]; k++)
        -: 1151:			{
        -: 1152:			  if (DEBUG)
        -: 1153:			    printf("Player %d reveals card number %d\n", i, state->hand[i][k]);
        -: 1154:			}	
    #####: 1155:		      break;
        -: 1156:		    }		
        -: 1157:		}
        -: 1158:					
        -: 1159:	    }
        -: 1160:				
        -: 1161:	}				
        -: 1162:
        -: 1163:      //discard played card from hand
    #####: 1164:      discardCard(handPos, currentPlayer, state, 0);			
        -: 1165:
    #####: 1166:      return 0;
        -: 1167:
        -: 1168:		
        -: 1169:    case embargo:
    #####: 1170:      return embargoEffect(state, currentPlayer, handPos, choice1); 
        -: 1171:		
        -: 1172:    case outpost:
        -: 1173:      //set outpost flag
    #####: 1174:      state->outpostPlayed++;
        -: 1175:			
        -: 1176:      //discard card
    #####: 1177:      discardCard(handPos, currentPlayer, state, 0);
    #####: 1178:      return 0;
        -: 1179:		
        -: 1180:    case salvager:
        -: 1181:      //+1 buy
    #####: 1182:      state->numBuys++;
        -: 1183:			
    #####: 1184:      if (choice1)
        -: 1185:	{
        -: 1186:	  //gain coins equal to trashed card
    #####: 1187:	  state->coins = state->coins + getCost( handCard(choice1, state) );
        -: 1188:	  //trash card
    #####: 1189:	  discardCard(choice1, currentPlayer, state, 1);	
        -: 1190:	}
        -: 1191:			
        -: 1192:      //discard card
    #####: 1193:      discardCard(handPos, currentPlayer, state, 0);
    #####: 1194:      return 0;
        -: 1195:		
        -: 1196:    case sea_hag:
    #####: 1197:      for (i = 0; i < state->numPlayers; i++){
    #####: 1198:	if (i != currentPlayer){
    #####: 1199:	  state->discard[i][state->discardCount[i]] = state->deck[i][state->deckCount[i]--];			    state->deckCount[i]--;
    #####: 1200:	  state->discardCount[i]++;
    #####: 1201:	  state->deck[i][state->deckCount[i]--] = curse;//Top card now a curse
        -: 1202:	}
        -: 1203:      }
    #####: 1204:      return 0;
        -: 1205:		
        -: 1206:    case treasure_map:
        -: 1207:      //search hand for another treasure_map
    #####: 1208:      index = -1;
    #####: 1209:      for (i = 0; i < state->handCount[currentPlayer]; i++)
        -: 1210:	{
    #####: 1211:	  if (state->hand[currentPlayer][i] == treasure_map && i != handPos)
        -: 1212:	    {
    #####: 1213:	      index = i;
    #####: 1214:	      break;
        -: 1215:	    }
        -: 1216:	}
    #####: 1217:      if (index > -1)
        -: 1218:	{
        -: 1219:	  //trash both treasure cards
    #####: 1220:	  discardCard(handPos, currentPlayer, state, 1);
    #####: 1221:	  discardCard(index, currentPlayer, state, 1);
        -: 1222:
        -: 1223:	  //gain 4 Gold cards
    #####: 1224:	  for (i = 0; i < 4; i++)
        -: 1225:	    {
    #####: 1226:	      gainCard(gold, state, 1, currentPlayer);
        -: 1227:	    }
        -: 1228:				
        -: 1229:	  //return success
    #####: 1230:	  return 1;
        -: 1231:	}
        -: 1232:			
        -: 1233:      //no second treasure_map found in hand
    #####: 1234:      return -1;
        -: 1235:    }
        -: 1236:	
    #####: 1237:  return -1;
        -: 1238:}
        -: 1239:
     4003: 1240:int discardCard(int handPos, int currentPlayer, struct gameState *state, int trashFlag)
        -: 1241:{
        -: 1242:	
        -: 1243:  //if card is not trashed, added to Played pile 
     4003: 1244:  if (trashFlag < 1)
        -: 1245:    {
        -: 1246:      //add card to played pile
     4003: 1247:      state->playedCards[state->playedCardCount] = state->hand[currentPlayer][handPos]; 
     4003: 1248:      state->playedCardCount++;
        -: 1249:    }
        -: 1250:	
        -: 1251:  //set played card to -1
     4003: 1252:  state->hand[currentPlayer][handPos] = -1;
        -: 1253:	
        -: 1254:  //remove card from player's hand
     4003: 1255:  if ( handPos == (state->handCount[currentPlayer] - 1) ) 	//last card in hand array is played
        -: 1256:    {
        -: 1257:      //reduce number of cards in hand
    #####: 1258:      state->handCount[currentPlayer]--;
        -: 1259:    }
     4003: 1260:  else if ( state->handCount[currentPlayer] == 1 ) //only one card in hand
        -: 1261:    {
        -: 1262:      //reduce number of cards in hand
    #####: 1263:      state->handCount[currentPlayer]--;
        -: 1264:    }
        -: 1265:  else 	
        -: 1266:    {
        -: 1267:      //replace discarded card with last card in hand
     4003: 1268:      state->hand[currentPlayer][handPos] = state->hand[currentPlayer][ (state->handCount[currentPlayer] - 1)];
        -: 1269:      //set last card to -1
     4003: 1270:      state->hand[currentPlayer][state->handCount[currentPlayer] - 1] = -1;
        -: 1271:      //reduce number of cards in hand
     4003: 1272:      state->handCount[currentPlayer]--;
        -: 1273:    }
        -: 1274:	
     4003: 1275:  return 0;
        -: 1276:}
        -: 1277:
    #####: 1278:int gainCard(int supplyPos, struct gameState *state, int toFlag, int player)
        -: 1279:{
        -: 1280:  //Note: supplyPos is enum of choosen card
        -: 1281:	
        -: 1282:  //check if supply pile is empty (0) or card is not used in game (-1)
    #####: 1283:  if ( supplyCount(supplyPos, state) < 1 )
        -: 1284:    {
    #####: 1285:      return -1;
        -: 1286:    }
        -: 1287:	
        -: 1288:  //added card for [whoseTurn] current player:
        -: 1289:  // toFlag = 0 : add to discard
        -: 1290:  // toFlag = 1 : add to deck
        -: 1291:  // toFlag = 2 : add to hand
        -: 1292:
    #####: 1293:  if (toFlag == 1)
        -: 1294:    {
    #####: 1295:      state->deck[ player ][ state->deckCount[player] ] = supplyPos;
    #####: 1296:      state->deckCount[player]++;
        -: 1297:    }
    #####: 1298:  else if (toFlag == 2)
        -: 1299:    {
    #####: 1300:      state->hand[ player ][ state->handCount[player] ] = supplyPos;
    #####: 1301:      state->handCount[player]++;
        -: 1302:    }
        -: 1303:  else
        -: 1304:    {
    #####: 1305:      state->discard[player][ state->discardCount[player] ] = supplyPos;
    #####: 1306:      state->discardCount[player]++;
        -: 1307:    }
        -: 1308:	
        -: 1309:  //decrease number in supply pile
    #####: 1310:  state->supplyCount[supplyPos]--;
        -: 1311:	 
    #####: 1312:  return 0;
        -: 1313:}
        -: 1314:
        9: 1315:int updateCoins(int player, struct gameState *state, int bonus)
        -: 1316:{
        -: 1317:  int i;
        -: 1318:	
        -: 1319:  //reset coin count
        9: 1320:  state->coins = 0;
        -: 1321:
        -: 1322:  //add coins for each Treasure card in player's hand
       54: 1323:  for (i = 0; i < state->handCount[player]; i++)
        -: 1324:    {
       45: 1325:      if (state->hand[player][i] == copper)
        -: 1326:	{
       35: 1327:	  state->coins += 1;
        -: 1328:	}
       10: 1329:      else if (state->hand[player][i] == silver)
        -: 1330:	{
    #####: 1331:	  state->coins += 2;
        -: 1332:	}
       10: 1333:      else if (state->hand[player][i] == gold)
        -: 1334:	{
    #####: 1335:	  state->coins += 3;
        -: 1336:	}	
        -: 1337:    }	
        -: 1338:
        -: 1339:  //add bonus
        9: 1340:  state->coins += bonus;
        -: 1341:
        9: 1342:  return 0;
        -: 1343:}
        -: 1344:
        -: 1345:
        -: 1346://end of dominion.c
        -: 1347:
